INFO 2026-03-12 15:45:58,568 autoreload Watching for file changes with StatReloader
ERROR 2026-03-12 15:46:38,845 log Internal Server Error: /api/v1/auth/register
Traceback (most recent call last):
  File "C:\Users\tabin\Downloads\tathanhbinhcuoicung\venv\Lib\site-packages\django\urls\base.py", line 71, in reverse
    extra, resolver = resolver.namespace_dict[ns]
                      ~~~~~~~~~~~~~~~~~~~~~~~^^^^
KeyError: 'djdt'

During handling of the above exception, another exception occurred:

Traceback (most recent call last):
  File "C:\Users\tabin\Downloads\tathanhbinhcuoicung\venv\Lib\site-packages\django\core\handlers\exception.py", line 55, in inner
    response = get_response(request)
               ^^^^^^^^^^^^^^^^^^^^^
  File "C:\Users\tabin\Downloads\tathanhbinhcuoicung\venv\Lib\site-packages\debug_toolbar\middleware.py", line 74, in __call__
    rendered = toolbar.render_toolbar()
               ^^^^^^^^^^^^^^^^^^^^^^^^
  File "C:\Users\tabin\Downloads\tathanhbinhcuoicung\venv\Lib\site-packages\debug_toolbar\toolbar.py", line 82, in render_toolbar
    return render_to_string("debug_toolbar/base.html", context)
           ^^^^^^^^^^^^^^^^^^^^^^^^^^^^^^^^^^^^^^^^^^^^^^^^^^^^
  File "C:\Users\tabin\Downloads\tathanhbinhcuoicung\venv\Lib\site-packages\django\template\loader.py", line 62, in render_to_string
    return template.render(context, request)
           ^^^^^^^^^^^^^^^^^^^^^^^^^^^^^^^^^
  File "C:\Users\tabin\Downloads\tathanhbinhcuoicung\venv\Lib\site-packages\django\template\backends\django.py", line 61, in render
    return self.template.render(context)
           ^^^^^^^^^^^^^^^^^^^^^^^^^^^^^
  File "C:\Users\tabin\Downloads\tathanhbinhcuoicung\venv\Lib\site-packages\django\template\base.py", line 171, in render
    return self._render(context)
           ^^^^^^^^^^^^^^^^^^^^^
  File "C:\Users\tabin\Downloads\tathanhbinhcuoicung\venv\Lib\site-packages\django\test\utils.py", line 111, in instrumented_test_render
    return self.nodelist.render(context)
           ^^^^^^^^^^^^^^^^^^^^^^^^^^^^^
  File "C:\Users\tabin\Downloads\tathanhbinhcuoicung\venv\Lib\site-packages\django\template\base.py", line 1000, in render
    return SafeString("".join([node.render_annotated(context) for node in self]))
                               ^^^^^^^^^^^^^^^^^^^^^^^^^^^^^^
  File "C:\Users\tabin\Downloads\tathanhbinhcuoicung\venv\Lib\site-packages\django\template\base.py", line 961, in render_annotated
    return self.render(context)
           ^^^^^^^^^^^^^^^^^^^^
  File "C:\Users\tabin\Downloads\tathanhbinhcuoicung\venv\Lib\site-packages\django\template\defaulttags.py", line 326, in render
    return nodelist.render(context)
           ^^^^^^^^^^^^^^^^^^^^^^^^
  File "C:\Users\tabin\Downloads\tathanhbinhcuoicung\venv\Lib\site-packages\django\template\base.py", line 1000, in render
    return SafeString("".join([node.render_annotated(context) for node in self]))
                               ^^^^^^^^^^^^^^^^^^^^^^^^^^^^^^
  File "C:\Users\tabin\Downloads\tathanhbinhcuoicung\venv\Lib\site-packages\django\template\base.py", line 961, in render_annotated
    return self.render(context)
           ^^^^^^^^^^^^^^^^^^^^
  File "C:\Users\tabin\Downloads\tathanhbinhcuoicung\venv\Lib\site-packages\django\template\defaulttags.py", line 479, in render
    url = reverse(view_name, args=args, kwargs=kwargs, current_app=current_app)
          ^^^^^^^^^^^^^^^^^^^^^^^^^^^^^^^^^^^^^^^^^^^^^^^^^^^^^^^^^^^^^^^^^^^^^
  File "C:\Users\tabin\Downloads\tathanhbinhcuoicung\venv\Lib\site-packages\django\urls\base.py", line 82, in reverse
    raise NoReverseMatch("%s is not a registered namespace" % key)
django.urls.exceptions.NoReverseMatch: 'djdt' is not a registered namespace
INFO 2026-03-12 15:59:30,309 autoreload Watching for file changes with StatReloader
INFO 2026-03-12 15:59:44,877 autoreload Watching for file changes with StatReloader
INFO 2026-03-12 16:05:03,632 autoreload Watching for file changes with StatReloader
ERROR 2026-03-12 16:05:06,679 log Internal Server Error: /
Traceback (most recent call last):
  File "C:\Users\tabin\Downloads\tathanhbinhcuoicung\venv\Lib\site-packages\django\urls\base.py", line 71, in reverse
    extra, resolver = resolver.namespace_dict[ns]
                      ~~~~~~~~~~~~~~~~~~~~~~~^^^^
KeyError: 'djdt'

During handling of the above exception, another exception occurred:

Traceback (most recent call last):
  File "C:\Users\tabin\Downloads\tathanhbinhcuoicung\venv\Lib\site-packages\django\core\handlers\exception.py", line 55, in inner
    response = get_response(request)
               ^^^^^^^^^^^^^^^^^^^^^
  File "C:\Users\tabin\Downloads\tathanhbinhcuoicung\venv\Lib\site-packages\debug_toolbar\middleware.py", line 74, in __call__
    rendered = toolbar.render_toolbar()
               ^^^^^^^^^^^^^^^^^^^^^^^^
  File "C:\Users\tabin\Downloads\tathanhbinhcuoicung\venv\Lib\site-packages\debug_toolbar\toolbar.py", line 82, in render_toolbar
    return render_to_string("debug_toolbar/base.html", context)
           ^^^^^^^^^^^^^^^^^^^^^^^^^^^^^^^^^^^^^^^^^^^^^^^^^^^^
  File "C:\Users\tabin\Downloads\tathanhbinhcuoicung\venv\Lib\site-packages\django\template\loader.py", line 62, in render_to_string
    return template.render(context, request)
           ^^^^^^^^^^^^^^^^^^^^^^^^^^^^^^^^^
  File "C:\Users\tabin\Downloads\tathanhbinhcuoicung\venv\Lib\site-packages\django\template\backends\django.py", line 61, in render
    return self.template.render(context)
           ^^^^^^^^^^^^^^^^^^^^^^^^^^^^^
  File "C:\Users\tabin\Downloads\tathanhbinhcuoicung\venv\Lib\site-packages\django\template\base.py", line 171, in render
    return self._render(context)
           ^^^^^^^^^^^^^^^^^^^^^
  File "C:\Users\tabin\Downloads\tathanhbinhcuoicung\venv\Lib\site-packages\django\test\utils.py", line 111, in instrumented_test_render
    return self.nodelist.render(context)
           ^^^^^^^^^^^^^^^^^^^^^^^^^^^^^
  File "C:\Users\tabin\Downloads\tathanhbinhcuoicung\venv\Lib\site-packages\django\template\base.py", line 1000, in render
    return SafeString("".join([node.render_annotated(context) for node in self]))
                               ^^^^^^^^^^^^^^^^^^^^^^^^^^^^^^
  File "C:\Users\tabin\Downloads\tathanhbinhcuoicung\venv\Lib\site-packages\django\template\base.py", line 961, in render_annotated
    return self.render(context)
           ^^^^^^^^^^^^^^^^^^^^
  File "C:\Users\tabin\Downloads\tathanhbinhcuoicung\venv\Lib\site-packages\django\template\defaulttags.py", line 326, in render
    return nodelist.render(context)
           ^^^^^^^^^^^^^^^^^^^^^^^^
  File "C:\Users\tabin\Downloads\tathanhbinhcuoicung\venv\Lib\site-packages\django\template\base.py", line 1000, in render
    return SafeString("".join([node.render_annotated(context) for node in self]))
                               ^^^^^^^^^^^^^^^^^^^^^^^^^^^^^^
  File "C:\Users\tabin\Downloads\tathanhbinhcuoicung\venv\Lib\site-packages\django\template\base.py", line 961, in render_annotated
    return self.render(context)
           ^^^^^^^^^^^^^^^^^^^^
  File "C:\Users\tabin\Downloads\tathanhbinhcuoicung\venv\Lib\site-packages\django\template\defaulttags.py", line 479, in render
    url = reverse(view_name, args=args, kwargs=kwargs, current_app=current_app)
          ^^^^^^^^^^^^^^^^^^^^^^^^^^^^^^^^^^^^^^^^^^^^^^^^^^^^^^^^^^^^^^^^^^^^^
  File "C:\Users\tabin\Downloads\tathanhbinhcuoicung\venv\Lib\site-packages\django\urls\base.py", line 82, in reverse
    raise NoReverseMatch("%s is not a registered namespace" % key)
django.urls.exceptions.NoReverseMatch: 'djdt' is not a registered namespace
ERROR 2026-03-12 16:05:06,851 log Internal Server Error: /favicon.ico
Traceback (most recent call last):
  File "C:\Users\tabin\Downloads\tathanhbinhcuoicung\venv\Lib\site-packages\django\urls\base.py", line 71, in reverse
    extra, resolver = resolver.namespace_dict[ns]
                      ~~~~~~~~~~~~~~~~~~~~~~~^^^^
KeyError: 'djdt'

During handling of the above exception, another exception occurred:

Traceback (most recent call last):
  File "C:\Users\tabin\Downloads\tathanhbinhcuoicung\venv\Lib\site-packages\django\core\handlers\exception.py", line 55, in inner
    response = get_response(request)
               ^^^^^^^^^^^^^^^^^^^^^
  File "C:\Users\tabin\Downloads\tathanhbinhcuoicung\venv\Lib\site-packages\debug_toolbar\middleware.py", line 74, in __call__
    rendered = toolbar.render_toolbar()
               ^^^^^^^^^^^^^^^^^^^^^^^^
  File "C:\Users\tabin\Downloads\tathanhbinhcuoicung\venv\Lib\site-packages\debug_toolbar\toolbar.py", line 82, in render_toolbar
    return render_to_string("debug_toolbar/base.html", context)
           ^^^^^^^^^^^^^^^^^^^^^^^^^^^^^^^^^^^^^^^^^^^^^^^^^^^^
  File "C:\Users\tabin\Downloads\tathanhbinhcuoicung\venv\Lib\site-packages\django\template\loader.py", line 62, in render_to_string
    return template.render(context, request)
           ^^^^^^^^^^^^^^^^^^^^^^^^^^^^^^^^^
  File "C:\Users\tabin\Downloads\tathanhbinhcuoicung\venv\Lib\site-packages\django\template\backends\django.py", line 61, in render
    return self.template.render(context)
           ^^^^^^^^^^^^^^^^^^^^^^^^^^^^^
  File "C:\Users\tabin\Downloads\tathanhbinhcuoicung\venv\Lib\site-packages\django\template\base.py", line 171, in render
    return self._render(context)
           ^^^^^^^^^^^^^^^^^^^^^
  File "C:\Users\tabin\Downloads\tathanhbinhcuoicung\venv\Lib\site-packages\django\test\utils.py", line 111, in instrumented_test_render
    return self.nodelist.render(context)
           ^^^^^^^^^^^^^^^^^^^^^^^^^^^^^
  File "C:\Users\tabin\Downloads\tathanhbinhcuoicung\venv\Lib\site-packages\django\template\base.py", line 1000, in render
    return SafeString("".join([node.render_annotated(context) for node in self]))
                               ^^^^^^^^^^^^^^^^^^^^^^^^^^^^^^
  File "C:\Users\tabin\Downloads\tathanhbinhcuoicung\venv\Lib\site-packages\django\template\base.py", line 961, in render_annotated
    return self.render(context)
           ^^^^^^^^^^^^^^^^^^^^
  File "C:\Users\tabin\Downloads\tathanhbinhcuoicung\venv\Lib\site-packages\django\template\defaulttags.py", line 326, in render
    return nodelist.render(context)
           ^^^^^^^^^^^^^^^^^^^^^^^^
  File "C:\Users\tabin\Downloads\tathanhbinhcuoicung\venv\Lib\site-packages\django\template\base.py", line 1000, in render
    return SafeString("".join([node.render_annotated(context) for node in self]))
                               ^^^^^^^^^^^^^^^^^^^^^^^^^^^^^^
  File "C:\Users\tabin\Downloads\tathanhbinhcuoicung\venv\Lib\site-packages\django\template\base.py", line 961, in render_annotated
    return self.render(context)
           ^^^^^^^^^^^^^^^^^^^^
  File "C:\Users\tabin\Downloads\tathanhbinhcuoicung\venv\Lib\site-packages\django\template\defaulttags.py", line 479, in render
    url = reverse(view_name, args=args, kwargs=kwargs, current_app=current_app)
          ^^^^^^^^^^^^^^^^^^^^^^^^^^^^^^^^^^^^^^^^^^^^^^^^^^^^^^^^^^^^^^^^^^^^^
  File "C:\Users\tabin\Downloads\tathanhbinhcuoicung\venv\Lib\site-packages\django\urls\base.py", line 82, in reverse
    raise NoReverseMatch("%s is not a registered namespace" % key)
django.urls.exceptions.NoReverseMatch: 'djdt' is not a registered namespace
INFO 2026-03-12 16:06:17,298 autoreload Watching for file changes with StatReloader
ERROR 2026-03-12 16:06:21,120 log Internal Server Error: /
Traceback (most recent call last):
  File "C:\Users\tabin\Downloads\tathanhbinhcuoicung\venv\Lib\site-packages\django\urls\base.py", line 71, in reverse
    extra, resolver = resolver.namespace_dict[ns]
                      ~~~~~~~~~~~~~~~~~~~~~~~^^^^
KeyError: 'djdt'

During handling of the above exception, another exception occurred:

Traceback (most recent call last):
  File "C:\Users\tabin\Downloads\tathanhbinhcuoicung\venv\Lib\site-packages\django\core\handlers\exception.py", line 55, in inner
    response = get_response(request)
               ^^^^^^^^^^^^^^^^^^^^^
  File "C:\Users\tabin\Downloads\tathanhbinhcuoicung\venv\Lib\site-packages\debug_toolbar\middleware.py", line 74, in __call__
    rendered = toolbar.render_toolbar()
               ^^^^^^^^^^^^^^^^^^^^^^^^
  File "C:\Users\tabin\Downloads\tathanhbinhcuoicung\venv\Lib\site-packages\debug_toolbar\toolbar.py", line 82, in render_toolbar
    return render_to_string("debug_toolbar/base.html", context)
           ^^^^^^^^^^^^^^^^^^^^^^^^^^^^^^^^^^^^^^^^^^^^^^^^^^^^
  File "C:\Users\tabin\Downloads\tathanhbinhcuoicung\venv\Lib\site-packages\django\template\loader.py", line 62, in render_to_string
    return template.render(context, request)
           ^^^^^^^^^^^^^^^^^^^^^^^^^^^^^^^^^
  File "C:\Users\tabin\Downloads\tathanhbinhcuoicung\venv\Lib\site-packages\django\template\backends\django.py", line 61, in render
    return self.template.render(context)
           ^^^^^^^^^^^^^^^^^^^^^^^^^^^^^
  File "C:\Users\tabin\Downloads\tathanhbinhcuoicung\venv\Lib\site-packages\django\template\base.py", line 171, in render
    return self._render(context)
           ^^^^^^^^^^^^^^^^^^^^^
  File "C:\Users\tabin\Downloads\tathanhbinhcuoicung\venv\Lib\site-packages\django\test\utils.py", line 111, in instrumented_test_render
    return self.nodelist.render(context)
           ^^^^^^^^^^^^^^^^^^^^^^^^^^^^^
  File "C:\Users\tabin\Downloads\tathanhbinhcuoicung\venv\Lib\site-packages\django\template\base.py", line 1000, in render
    return SafeString("".join([node.render_annotated(context) for node in self]))
                               ^^^^^^^^^^^^^^^^^^^^^^^^^^^^^^
  File "C:\Users\tabin\Downloads\tathanhbinhcuoicung\venv\Lib\site-packages\django\template\base.py", line 961, in render_annotated
    return self.render(context)
           ^^^^^^^^^^^^^^^^^^^^
  File "C:\Users\tabin\Downloads\tathanhbinhcuoicung\venv\Lib\site-packages\django\template\defaulttags.py", line 326, in render
    return nodelist.render(context)
           ^^^^^^^^^^^^^^^^^^^^^^^^
  File "C:\Users\tabin\Downloads\tathanhbinhcuoicung\venv\Lib\site-packages\django\template\base.py", line 1000, in render
    return SafeString("".join([node.render_annotated(context) for node in self]))
                               ^^^^^^^^^^^^^^^^^^^^^^^^^^^^^^
  File "C:\Users\tabin\Downloads\tathanhbinhcuoicung\venv\Lib\site-packages\django\template\base.py", line 961, in render_annotated
    return self.render(context)
           ^^^^^^^^^^^^^^^^^^^^
  File "C:\Users\tabin\Downloads\tathanhbinhcuoicung\venv\Lib\site-packages\django\template\defaulttags.py", line 479, in render
    url = reverse(view_name, args=args, kwargs=kwargs, current_app=current_app)
          ^^^^^^^^^^^^^^^^^^^^^^^^^^^^^^^^^^^^^^^^^^^^^^^^^^^^^^^^^^^^^^^^^^^^^
  File "C:\Users\tabin\Downloads\tathanhbinhcuoicung\venv\Lib\site-packages\django\urls\base.py", line 82, in reverse
    raise NoReverseMatch("%s is not a registered namespace" % key)
django.urls.exceptions.NoReverseMatch: 'djdt' is not a registered namespace
ERROR 2026-03-12 16:06:21,229 log Internal Server Error: /favicon.ico
Traceback (most recent call last):
  File "C:\Users\tabin\Downloads\tathanhbinhcuoicung\venv\Lib\site-packages\django\urls\base.py", line 71, in reverse
    extra, resolver = resolver.namespace_dict[ns]
                      ~~~~~~~~~~~~~~~~~~~~~~~^^^^
KeyError: 'djdt'

During handling of the above exception, another exception occurred:

Traceback (most recent call last):
  File "C:\Users\tabin\Downloads\tathanhbinhcuoicung\venv\Lib\site-packages\django\core\handlers\exception.py", line 55, in inner
    response = get_response(request)
               ^^^^^^^^^^^^^^^^^^^^^
  File "C:\Users\tabin\Downloads\tathanhbinhcuoicung\venv\Lib\site-packages\debug_toolbar\middleware.py", line 74, in __call__
    rendered = toolbar.render_toolbar()
               ^^^^^^^^^^^^^^^^^^^^^^^^
  File "C:\Users\tabin\Downloads\tathanhbinhcuoicung\venv\Lib\site-packages\debug_toolbar\toolbar.py", line 82, in render_toolbar
    return render_to_string("debug_toolbar/base.html", context)
           ^^^^^^^^^^^^^^^^^^^^^^^^^^^^^^^^^^^^^^^^^^^^^^^^^^^^
  File "C:\Users\tabin\Downloads\tathanhbinhcuoicung\venv\Lib\site-packages\django\template\loader.py", line 62, in render_to_string
    return template.render(context, request)
           ^^^^^^^^^^^^^^^^^^^^^^^^^^^^^^^^^
  File "C:\Users\tabin\Downloads\tathanhbinhcuoicung\venv\Lib\site-packages\django\template\backends\django.py", line 61, in render
    return self.template.render(context)
           ^^^^^^^^^^^^^^^^^^^^^^^^^^^^^
  File "C:\Users\tabin\Downloads\tathanhbinhcuoicung\venv\Lib\site-packages\django\template\base.py", line 171, in render
    return self._render(context)
           ^^^^^^^^^^^^^^^^^^^^^
  File "C:\Users\tabin\Downloads\tathanhbinhcuoicung\venv\Lib\site-packages\django\test\utils.py", line 111, in instrumented_test_render
    return self.nodelist.render(context)
           ^^^^^^^^^^^^^^^^^^^^^^^^^^^^^
  File "C:\Users\tabin\Downloads\tathanhbinhcuoicung\venv\Lib\site-packages\django\template\base.py", line 1000, in render
    return SafeString("".join([node.render_annotated(context) for node in self]))
                               ^^^^^^^^^^^^^^^^^^^^^^^^^^^^^^
  File "C:\Users\tabin\Downloads\tathanhbinhcuoicung\venv\Lib\site-packages\django\template\base.py", line 961, in render_annotated
    return self.render(context)
           ^^^^^^^^^^^^^^^^^^^^
  File "C:\Users\tabin\Downloads\tathanhbinhcuoicung\venv\Lib\site-packages\django\template\defaulttags.py", line 326, in render
    return nodelist.render(context)
           ^^^^^^^^^^^^^^^^^^^^^^^^
  File "C:\Users\tabin\Downloads\tathanhbinhcuoicung\venv\Lib\site-packages\django\template\base.py", line 1000, in render
    return SafeString("".join([node.render_annotated(context) for node in self]))
                               ^^^^^^^^^^^^^^^^^^^^^^^^^^^^^^
  File "C:\Users\tabin\Downloads\tathanhbinhcuoicung\venv\Lib\site-packages\django\template\base.py", line 961, in render_annotated
    return self.render(context)
           ^^^^^^^^^^^^^^^^^^^^
  File "C:\Users\tabin\Downloads\tathanhbinhcuoicung\venv\Lib\site-packages\django\template\defaulttags.py", line 479, in render
    url = reverse(view_name, args=args, kwargs=kwargs, current_app=current_app)
          ^^^^^^^^^^^^^^^^^^^^^^^^^^^^^^^^^^^^^^^^^^^^^^^^^^^^^^^^^^^^^^^^^^^^^
  File "C:\Users\tabin\Downloads\tathanhbinhcuoicung\venv\Lib\site-packages\django\urls\base.py", line 82, in reverse
    raise NoReverseMatch("%s is not a registered namespace" % key)
django.urls.exceptions.NoReverseMatch: 'djdt' is not a registered namespace
ERROR 2026-03-12 16:18:40,244 log Internal Server Error: /api/v1/auth/register
Traceback (most recent call last):
  File "C:\Users\tabin\Downloads\tathanhbinhcuoicung\venv\Lib\site-packages\django\urls\base.py", line 71, in reverse
    extra, resolver = resolver.namespace_dict[ns]
                      ~~~~~~~~~~~~~~~~~~~~~~~^^^^
KeyError: 'djdt'

During handling of the above exception, another exception occurred:

Traceback (most recent call last):
  File "C:\Users\tabin\Downloads\tathanhbinhcuoicung\venv\Lib\site-packages\django\core\handlers\exception.py", line 55, in inner
    response = get_response(request)
               ^^^^^^^^^^^^^^^^^^^^^
  File "C:\Users\tabin\Downloads\tathanhbinhcuoicung\venv\Lib\site-packages\debug_toolbar\middleware.py", line 74, in __call__
    rendered = toolbar.render_toolbar()
               ^^^^^^^^^^^^^^^^^^^^^^^^
  File "C:\Users\tabin\Downloads\tathanhbinhcuoicung\venv\Lib\site-packages\debug_toolbar\toolbar.py", line 82, in render_toolbar
    return render_to_string("debug_toolbar/base.html", context)
           ^^^^^^^^^^^^^^^^^^^^^^^^^^^^^^^^^^^^^^^^^^^^^^^^^^^^
  File "C:\Users\tabin\Downloads\tathanhbinhcuoicung\venv\Lib\site-packages\django\template\loader.py", line 62, in render_to_string
    return template.render(context, request)
           ^^^^^^^^^^^^^^^^^^^^^^^^^^^^^^^^^
  File "C:\Users\tabin\Downloads\tathanhbinhcuoicung\venv\Lib\site-packages\django\template\backends\django.py", line 61, in render
    return self.template.render(context)
           ^^^^^^^^^^^^^^^^^^^^^^^^^^^^^
  File "C:\Users\tabin\Downloads\tathanhbinhcuoicung\venv\Lib\site-packages\django\template\base.py", line 171, in render
    return self._render(context)
           ^^^^^^^^^^^^^^^^^^^^^
  File "C:\Users\tabin\Downloads\tathanhbinhcuoicung\venv\Lib\site-packages\django\test\utils.py", line 111, in instrumented_test_render
    return self.nodelist.render(context)
           ^^^^^^^^^^^^^^^^^^^^^^^^^^^^^
  File "C:\Users\tabin\Downloads\tathanhbinhcuoicung\venv\Lib\site-packages\django\template\base.py", line 1000, in render
    return SafeString("".join([node.render_annotated(context) for node in self]))
                               ^^^^^^^^^^^^^^^^^^^^^^^^^^^^^^
  File "C:\Users\tabin\Downloads\tathanhbinhcuoicung\venv\Lib\site-packages\django\template\base.py", line 961, in render_annotated
    return self.render(context)
           ^^^^^^^^^^^^^^^^^^^^
  File "C:\Users\tabin\Downloads\tathanhbinhcuoicung\venv\Lib\site-packages\django\template\defaulttags.py", line 326, in render
    return nodelist.render(context)
           ^^^^^^^^^^^^^^^^^^^^^^^^
  File "C:\Users\tabin\Downloads\tathanhbinhcuoicung\venv\Lib\site-packages\django\template\base.py", line 1000, in render
    return SafeString("".join([node.render_annotated(context) for node in self]))
                               ^^^^^^^^^^^^^^^^^^^^^^^^^^^^^^
  File "C:\Users\tabin\Downloads\tathanhbinhcuoicung\venv\Lib\site-packages\django\template\base.py", line 961, in render_annotated
    return self.render(context)
           ^^^^^^^^^^^^^^^^^^^^
  File "C:\Users\tabin\Downloads\tathanhbinhcuoicung\venv\Lib\site-packages\django\template\defaulttags.py", line 479, in render
    url = reverse(view_name, args=args, kwargs=kwargs, current_app=current_app)
          ^^^^^^^^^^^^^^^^^^^^^^^^^^^^^^^^^^^^^^^^^^^^^^^^^^^^^^^^^^^^^^^^^^^^^
  File "C:\Users\tabin\Downloads\tathanhbinhcuoicung\venv\Lib\site-packages\django\urls\base.py", line 82, in reverse
    raise NoReverseMatch("%s is not a registered namespace" % key)
django.urls.exceptions.NoReverseMatch: 'djdt' is not a registered namespace
ERROR 2026-03-12 16:18:40,390 log Internal Server Error: /favicon.ico
Traceback (most recent call last):
  File "C:\Users\tabin\Downloads\tathanhbinhcuoicung\venv\Lib\site-packages\django\urls\base.py", line 71, in reverse
    extra, resolver = resolver.namespace_dict[ns]
                      ~~~~~~~~~~~~~~~~~~~~~~~^^^^
KeyError: 'djdt'

During handling of the above exception, another exception occurred:

Traceback (most recent call last):
  File "C:\Users\tabin\Downloads\tathanhbinhcuoicung\venv\Lib\site-packages\django\core\handlers\exception.py", line 55, in inner
    response = get_response(request)
               ^^^^^^^^^^^^^^^^^^^^^
  File "C:\Users\tabin\Downloads\tathanhbinhcuoicung\venv\Lib\site-packages\debug_toolbar\middleware.py", line 74, in __call__
    rendered = toolbar.render_toolbar()
               ^^^^^^^^^^^^^^^^^^^^^^^^
  File "C:\Users\tabin\Downloads\tathanhbinhcuoicung\venv\Lib\site-packages\debug_toolbar\toolbar.py", line 82, in render_toolbar
    return render_to_string("debug_toolbar/base.html", context)
           ^^^^^^^^^^^^^^^^^^^^^^^^^^^^^^^^^^^^^^^^^^^^^^^^^^^^
  File "C:\Users\tabin\Downloads\tathanhbinhcuoicung\venv\Lib\site-packages\django\template\loader.py", line 62, in render_to_string
    return template.render(context, request)
           ^^^^^^^^^^^^^^^^^^^^^^^^^^^^^^^^^
  File "C:\Users\tabin\Downloads\tathanhbinhcuoicung\venv\Lib\site-packages\django\template\backends\django.py", line 61, in render
    return self.template.render(context)
           ^^^^^^^^^^^^^^^^^^^^^^^^^^^^^
  File "C:\Users\tabin\Downloads\tathanhbinhcuoicung\venv\Lib\site-packages\django\template\base.py", line 171, in render
    return self._render(context)
           ^^^^^^^^^^^^^^^^^^^^^
  File "C:\Users\tabin\Downloads\tathanhbinhcuoicung\venv\Lib\site-packages\django\test\utils.py", line 111, in instrumented_test_render
    return self.nodelist.render(context)
           ^^^^^^^^^^^^^^^^^^^^^^^^^^^^^
  File "C:\Users\tabin\Downloads\tathanhbinhcuoicung\venv\Lib\site-packages\django\template\base.py", line 1000, in render
    return SafeString("".join([node.render_annotated(context) for node in self]))
                               ^^^^^^^^^^^^^^^^^^^^^^^^^^^^^^
  File "C:\Users\tabin\Downloads\tathanhbinhcuoicung\venv\Lib\site-packages\django\template\base.py", line 961, in render_annotated
    return self.render(context)
           ^^^^^^^^^^^^^^^^^^^^
  File "C:\Users\tabin\Downloads\tathanhbinhcuoicung\venv\Lib\site-packages\django\template\defaulttags.py", line 326, in render
    return nodelist.render(context)
           ^^^^^^^^^^^^^^^^^^^^^^^^
  File "C:\Users\tabin\Downloads\tathanhbinhcuoicung\venv\Lib\site-packages\django\template\base.py", line 1000, in render
    return SafeString("".join([node.render_annotated(context) for node in self]))
                               ^^^^^^^^^^^^^^^^^^^^^^^^^^^^^^
  File "C:\Users\tabin\Downloads\tathanhbinhcuoicung\venv\Lib\site-packages\django\template\base.py", line 961, in render_annotated
    return self.render(context)
           ^^^^^^^^^^^^^^^^^^^^
  File "C:\Users\tabin\Downloads\tathanhbinhcuoicung\venv\Lib\site-packages\django\template\defaulttags.py", line 479, in render
    url = reverse(view_name, args=args, kwargs=kwargs, current_app=current_app)
          ^^^^^^^^^^^^^^^^^^^^^^^^^^^^^^^^^^^^^^^^^^^^^^^^^^^^^^^^^^^^^^^^^^^^^
  File "C:\Users\tabin\Downloads\tathanhbinhcuoicung\venv\Lib\site-packages\django\urls\base.py", line 82, in reverse
    raise NoReverseMatch("%s is not a registered namespace" % key)
django.urls.exceptions.NoReverseMatch: 'djdt' is not a registered namespace
INFO 2026-03-12 16:19:45,971 autoreload C:\Users\tabin\Downloads\tathanhbinhcuoicung\homelystore-backend\config\urls.py changed, reloading.
INFO 2026-03-12 16:19:46,542 autoreload Watching for file changes with StatReloader
INFO 2026-03-12 16:19:54,180 autoreload C:\Users\tabin\Downloads\tathanhbinhcuoicung\homelystore-backend\config\urls.py changed, reloading.
INFO 2026-03-12 16:19:54,681 autoreload Watching for file changes with StatReloader
INFO 2026-03-12 16:22:02,406 autoreload Watching for file changes with StatReloader
INFO 2026-03-12 16:22:34,146 autoreload Watching for file changes with StatReloader
INFO 2026-03-12 16:22:52,418 autoreload Watching for file changes with StatReloader
WARNING 2026-03-12 16:23:00,819 log Not Found: /
WARNING 2026-03-12 16:23:00,947 log Not Found: /favicon.ico
INFO 2026-03-12 16:25:30,047 autoreload C:\Users\tabin\Downloads\tathanhbinhcuoicung\homelystore-backend\config\urls.py changed, reloading.
INFO 2026-03-12 16:25:30,570 autoreload Watching for file changes with StatReloader
INFO 2026-03-12 16:25:47,069 autoreload Watching for file changes with StatReloader
WARNING 2026-03-12 16:25:58,713 log Not Found: /
INFO 2026-03-12 16:27:31,927 autoreload C:\Users\tabin\Downloads\tathanhbinhcuoicung\homelystore-backend\config\urls.py changed, reloading.
INFO 2026-03-12 16:27:32,448 autoreload Watching for file changes with StatReloader
INFO 2026-03-12 16:27:33,678 autoreload C:\Users\tabin\Downloads\tathanhbinhcuoicung\homelystore-backend\config\urls.py changed, reloading.
INFO 2026-03-12 16:27:34,219 autoreload Watching for file changes with StatReloader
ERROR 2026-03-12 16:27:41,332 log Internal Server Error: /
Traceback (most recent call last):
  File "C:\Users\tabin\Downloads\tathanhbinhcuoicung\venv\Lib\site-packages\django\core\handlers\exception.py", line 55, in inner
    response = get_response(request)
               ^^^^^^^^^^^^^^^^^^^^^
  File "C:\Users\tabin\Downloads\tathanhbinhcuoicung\venv\Lib\site-packages\django\core\handlers\base.py", line 197, in _get_response
    response = wrapped_callback(request, *callback_args, **callback_kwargs)
               ^^^^^^^^^^^^^^^^^^^^^^^^^^^^^^^^^^^^^^^^^^^^^^^^^^^^^^^^^^^^
TypeError: home() takes 0 positional arguments but 1 was given
INFO 2026-03-12 16:27:51,815 autoreload C:\Users\tabin\Downloads\tathanhbinhcuoicung\homelystore-backend\config\urls.py changed, reloading.
INFO 2026-03-12 16:27:52,438 autoreload Watching for file changes with StatReloader
WARNING 2026-03-12 16:27:53,604 log Not Found: /
WARNING 2026-03-12 16:32:54,694 log Not Found: /
WARNING 2026-03-12 16:37:04,684 log Bad Request: /api/v1/auth/logout
WARNING 2026-03-12 16:41:56,022 log Bad Request: /api/v1/auth/logout
WARNING 2026-03-12 16:43:25,759 log Bad Request: /api/v1/auth/logout
ERROR 2026-03-12 16:44:14,161 log Internal Server Error: /api/v1/auth/forgot-password
Traceback (most recent call last):
  File "C:\Users\tabin\Downloads\tathanhbinhcuoicung\venv\Lib\site-packages\rest_framework\views.py", line 506, in dispatch
    response = handler(request, *args, **kwargs)
               ^^^^^^^^^^^^^^^^^^^^^^^^^^^^^^^^^
  File "C:\Users\tabin\Downloads\tathanhbinhcuoicung\homelystore-backend\apps\authentication\views.py", line 133, in post
    send_mail(
  File "C:\Users\tabin\Downloads\tathanhbinhcuoicung\venv\Lib\site-packages\django\core\mail\__init__.py", line 88, in send_mail
    return mail.send()
           ^^^^^^^^^^^
  File "C:\Users\tabin\Downloads\tathanhbinhcuoicung\venv\Lib\site-packages\django\core\mail\message.py", line 301, in send
    return self.get_connection(fail_silently).send_messages([self])
           ^^^^^^^^^^^^^^^^^^^^^^^^^^^^^^^^^^^^^^^^^^^^^^^^^^^^^^^^
  File "C:\Users\tabin\Downloads\tathanhbinhcuoicung\venv\Lib\site-packages\django\core\mail\backends\smtp.py", line 128, in send_messages
    new_conn_created = self.open()
                       ^^^^^^^^^^^
  File "C:\Users\tabin\Downloads\tathanhbinhcuoicung\venv\Lib\site-packages\django\core\mail\backends\smtp.py", line 95, in open
    self.connection.login(self.username, self.password)
  File "C:\Program Files\WindowsApps\PythonSoftwareFoundation.Python.3.12_3.12.2800.0_x64__qbz5n2kfra8p0\Lib\smtplib.py", line 750, in login
    raise last_exception
  File "C:\Program Files\WindowsApps\PythonSoftwareFoundation.Python.3.12_3.12.2800.0_x64__qbz5n2kfra8p0\Lib\smtplib.py", line 739, in login
    (code, resp) = self.auth(
                   ^^^^^^^^^^
  File "C:\Program Files\WindowsApps\PythonSoftwareFoundation.Python.3.12_3.12.2800.0_x64__qbz5n2kfra8p0\Lib\smtplib.py", line 662, in auth
    raise SMTPAuthenticationError(code, resp)
smtplib.SMTPAuthenticationError: (535, b'5.7.8 Username and Password not accepted. For more information, go to\n5.7.8  https://support.google.com/mail/?p=BadCredentials d2e1a72fcca58-82a0736edd2sm2342062b3a.52 - gsmtp')

During handling of the above exception, another exception occurred:

Traceback (most recent call last):
  File "C:\Users\tabin\Downloads\tathanhbinhcuoicung\venv\Lib\site-packages\rest_framework\settings.py", line 179, in import_from_string
    return import_string(val)
           ^^^^^^^^^^^^^^^^^^
  File "C:\Users\tabin\Downloads\tathanhbinhcuoicung\venv\Lib\site-packages\django\utils\module_loading.py", line 30, in import_string
    return cached_import(module_path, class_name)
           ^^^^^^^^^^^^^^^^^^^^^^^^^^^^^^^^^^^^^^
  File "C:\Users\tabin\Downloads\tathanhbinhcuoicung\venv\Lib\site-packages\django\utils\module_loading.py", line 15, in cached_import
    module = import_module(module_path)
             ^^^^^^^^^^^^^^^^^^^^^^^^^^
  File "C:\Program Files\WindowsApps\PythonSoftwareFoundation.Python.3.12_3.12.2800.0_x64__qbz5n2kfra8p0\Lib\importlib\__init__.py", line 90, in import_module
    return _bootstrap._gcd_import(name[level:], package, level)
           ^^^^^^^^^^^^^^^^^^^^^^^^^^^^^^^^^^^^^^^^^^^^^^^^^^^^
  File "<frozen importlib._bootstrap>", line 1387, in _gcd_import
  File "<frozen importlib._bootstrap>", line 1360, in _find_and_load
  File "<frozen importlib._bootstrap>", line 1324, in _find_and_load_unlocked
ModuleNotFoundError: No module named 'apps.authentication.utils'

During handling of the above exception, another exception occurred:

Traceback (most recent call last):
  File "C:\Users\tabin\Downloads\tathanhbinhcuoicung\venv\Lib\site-packages\django\core\handlers\exception.py", line 55, in inner
    response = get_response(request)
               ^^^^^^^^^^^^^^^^^^^^^
  File "C:\Users\tabin\Downloads\tathanhbinhcuoicung\venv\Lib\site-packages\django\core\handlers\base.py", line 197, in _get_response
    response = wrapped_callback(request, *callback_args, **callback_kwargs)
               ^^^^^^^^^^^^^^^^^^^^^^^^^^^^^^^^^^^^^^^^^^^^^^^^^^^^^^^^^^^^
  File "C:\Users\tabin\Downloads\tathanhbinhcuoicung\venv\Lib\site-packages\django\views\decorators\csrf.py", line 65, in _view_wrapper
    return view_func(request, *args, **kwargs)
           ^^^^^^^^^^^^^^^^^^^^^^^^^^^^^^^^^^^
  File "C:\Users\tabin\Downloads\tathanhbinhcuoicung\venv\Lib\site-packages\django\views\generic\base.py", line 104, in view
    return self.dispatch(request, *args, **kwargs)
           ^^^^^^^^^^^^^^^^^^^^^^^^^^^^^^^^^^^^^^^
  File "C:\Users\tabin\Downloads\tathanhbinhcuoicung\venv\Lib\site-packages\rest_framework\views.py", line 509, in dispatch
    response = self.handle_exception(exc)
               ^^^^^^^^^^^^^^^^^^^^^^^^^^
  File "C:\Users\tabin\Downloads\tathanhbinhcuoicung\venv\Lib\site-packages\rest_framework\views.py", line 463, in handle_exception
    exception_handler = self.get_exception_handler()
                        ^^^^^^^^^^^^^^^^^^^^^^^^^^^^
  File "C:\Users\tabin\Downloads\tathanhbinhcuoicung\venv\Lib\site-packages\rest_framework\views.py", line 298, in get_exception_handler
    return self.settings.EXCEPTION_HANDLER
           ^^^^^^^^^^^^^^^^^^^^^^^^^^^^^^^
  File "C:\Users\tabin\Downloads\tathanhbinhcuoicung\venv\Lib\site-packages\rest_framework\settings.py", line 227, in __getattr__
    val = perform_import(val, attr)
          ^^^^^^^^^^^^^^^^^^^^^^^^^
  File "C:\Users\tabin\Downloads\tathanhbinhcuoicung\venv\Lib\site-packages\rest_framework\settings.py", line 168, in perform_import
    return import_from_string(val, setting_name)
           ^^^^^^^^^^^^^^^^^^^^^^^^^^^^^^^^^^^^^
  File "C:\Users\tabin\Downloads\tathanhbinhcuoicung\venv\Lib\site-packages\rest_framework\settings.py", line 182, in import_from_string
    raise ImportError(msg)
ImportError: Could not import 'apps.authentication.utils.custom_exception_handler' for API setting 'EXCEPTION_HANDLER'. ModuleNotFoundError: No module named 'apps.authentication.utils'.
WARNING 2026-03-12 16:44:19,212 log Unauthorized: /api/v1/auth/login
ERROR 2026-03-12 16:44:42,259 log Internal Server Error: /api/v1/auth/forgot-password
Traceback (most recent call last):
  File "C:\Users\tabin\Downloads\tathanhbinhcuoicung\venv\Lib\site-packages\rest_framework\views.py", line 506, in dispatch
    response = handler(request, *args, **kwargs)
               ^^^^^^^^^^^^^^^^^^^^^^^^^^^^^^^^^
  File "C:\Users\tabin\Downloads\tathanhbinhcuoicung\homelystore-backend\apps\authentication\views.py", line 133, in post
    send_mail(
  File "C:\Users\tabin\Downloads\tathanhbinhcuoicung\venv\Lib\site-packages\django\core\mail\__init__.py", line 88, in send_mail
    return mail.send()
           ^^^^^^^^^^^
  File "C:\Users\tabin\Downloads\tathanhbinhcuoicung\venv\Lib\site-packages\django\core\mail\message.py", line 301, in send
    return self.get_connection(fail_silently).send_messages([self])
           ^^^^^^^^^^^^^^^^^^^^^^^^^^^^^^^^^^^^^^^^^^^^^^^^^^^^^^^^
  File "C:\Users\tabin\Downloads\tathanhbinhcuoicung\venv\Lib\site-packages\django\core\mail\backends\smtp.py", line 128, in send_messages
    new_conn_created = self.open()
                       ^^^^^^^^^^^
  File "C:\Users\tabin\Downloads\tathanhbinhcuoicung\venv\Lib\site-packages\django\core\mail\backends\smtp.py", line 95, in open
    self.connection.login(self.username, self.password)
  File "C:\Program Files\WindowsApps\PythonSoftwareFoundation.Python.3.12_3.12.2800.0_x64__qbz5n2kfra8p0\Lib\smtplib.py", line 750, in login
    raise last_exception
  File "C:\Program Files\WindowsApps\PythonSoftwareFoundation.Python.3.12_3.12.2800.0_x64__qbz5n2kfra8p0\Lib\smtplib.py", line 739, in login
    (code, resp) = self.auth(
                   ^^^^^^^^^^
  File "C:\Program Files\WindowsApps\PythonSoftwareFoundation.Python.3.12_3.12.2800.0_x64__qbz5n2kfra8p0\Lib\smtplib.py", line 662, in auth
    raise SMTPAuthenticationError(code, resp)
smtplib.SMTPAuthenticationError: (535, b'5.7.8 Username and Password not accepted. For more information, go to\n5.7.8  https://support.google.com/mail/?p=BadCredentials d9443c01a7336-2aeae361326sm48770445ad.70 - gsmtp')

During handling of the above exception, another exception occurred:

Traceback (most recent call last):
  File "C:\Users\tabin\Downloads\tathanhbinhcuoicung\venv\Lib\site-packages\rest_framework\settings.py", line 179, in import_from_string
    return import_string(val)
           ^^^^^^^^^^^^^^^^^^
  File "C:\Users\tabin\Downloads\tathanhbinhcuoicung\venv\Lib\site-packages\django\utils\module_loading.py", line 30, in import_string
    return cached_import(module_path, class_name)
           ^^^^^^^^^^^^^^^^^^^^^^^^^^^^^^^^^^^^^^
  File "C:\Users\tabin\Downloads\tathanhbinhcuoicung\venv\Lib\site-packages\django\utils\module_loading.py", line 15, in cached_import
    module = import_module(module_path)
             ^^^^^^^^^^^^^^^^^^^^^^^^^^
  File "C:\Program Files\WindowsApps\PythonSoftwareFoundation.Python.3.12_3.12.2800.0_x64__qbz5n2kfra8p0\Lib\importlib\__init__.py", line 90, in import_module
    return _bootstrap._gcd_import(name[level:], package, level)
           ^^^^^^^^^^^^^^^^^^^^^^^^^^^^^^^^^^^^^^^^^^^^^^^^^^^^
  File "<frozen importlib._bootstrap>", line 1387, in _gcd_import
  File "<frozen importlib._bootstrap>", line 1360, in _find_and_load
  File "<frozen importlib._bootstrap>", line 1324, in _find_and_load_unlocked
ModuleNotFoundError: No module named 'apps.authentication.utils'

During handling of the above exception, another exception occurred:

Traceback (most recent call last):
  File "C:\Users\tabin\Downloads\tathanhbinhcuoicung\venv\Lib\site-packages\django\core\handlers\exception.py", line 55, in inner
    response = get_response(request)
               ^^^^^^^^^^^^^^^^^^^^^
  File "C:\Users\tabin\Downloads\tathanhbinhcuoicung\venv\Lib\site-packages\django\core\handlers\base.py", line 197, in _get_response
    response = wrapped_callback(request, *callback_args, **callback_kwargs)
               ^^^^^^^^^^^^^^^^^^^^^^^^^^^^^^^^^^^^^^^^^^^^^^^^^^^^^^^^^^^^
  File "C:\Users\tabin\Downloads\tathanhbinhcuoicung\venv\Lib\site-packages\django\views\decorators\csrf.py", line 65, in _view_wrapper
    return view_func(request, *args, **kwargs)
           ^^^^^^^^^^^^^^^^^^^^^^^^^^^^^^^^^^^
  File "C:\Users\tabin\Downloads\tathanhbinhcuoicung\venv\Lib\site-packages\django\views\generic\base.py", line 104, in view
    return self.dispatch(request, *args, **kwargs)
           ^^^^^^^^^^^^^^^^^^^^^^^^^^^^^^^^^^^^^^^
  File "C:\Users\tabin\Downloads\tathanhbinhcuoicung\venv\Lib\site-packages\rest_framework\views.py", line 509, in dispatch
    response = self.handle_exception(exc)
               ^^^^^^^^^^^^^^^^^^^^^^^^^^
  File "C:\Users\tabin\Downloads\tathanhbinhcuoicung\venv\Lib\site-packages\rest_framework\views.py", line 463, in handle_exception
    exception_handler = self.get_exception_handler()
                        ^^^^^^^^^^^^^^^^^^^^^^^^^^^^
  File "C:\Users\tabin\Downloads\tathanhbinhcuoicung\venv\Lib\site-packages\rest_framework\views.py", line 298, in get_exception_handler
    return self.settings.EXCEPTION_HANDLER
           ^^^^^^^^^^^^^^^^^^^^^^^^^^^^^^^
  File "C:\Users\tabin\Downloads\tathanhbinhcuoicung\venv\Lib\site-packages\rest_framework\settings.py", line 227, in __getattr__
    val = perform_import(val, attr)
          ^^^^^^^^^^^^^^^^^^^^^^^^^
  File "C:\Users\tabin\Downloads\tathanhbinhcuoicung\venv\Lib\site-packages\rest_framework\settings.py", line 168, in perform_import
    return import_from_string(val, setting_name)
           ^^^^^^^^^^^^^^^^^^^^^^^^^^^^^^^^^^^^^
  File "C:\Users\tabin\Downloads\tathanhbinhcuoicung\venv\Lib\site-packages\rest_framework\settings.py", line 182, in import_from_string
    raise ImportError(msg)
ImportError: Could not import 'apps.authentication.utils.custom_exception_handler' for API setting 'EXCEPTION_HANDLER'. ModuleNotFoundError: No module named 'apps.authentication.utils'.
ERROR 2026-03-12 16:46:34,283 log Internal Server Error: /api/v1/auth/forgot-password
Traceback (most recent call last):
  File "C:\Users\tabin\Downloads\tathanhbinhcuoicung\venv\Lib\site-packages\rest_framework\views.py", line 506, in dispatch
    response = handler(request, *args, **kwargs)
               ^^^^^^^^^^^^^^^^^^^^^^^^^^^^^^^^^
  File "C:\Users\tabin\Downloads\tathanhbinhcuoicung\homelystore-backend\apps\authentication\views.py", line 133, in post
    send_mail(
  File "C:\Users\tabin\Downloads\tathanhbinhcuoicung\venv\Lib\site-packages\django\core\mail\__init__.py", line 88, in send_mail
    return mail.send()
           ^^^^^^^^^^^
  File "C:\Users\tabin\Downloads\tathanhbinhcuoicung\venv\Lib\site-packages\django\core\mail\message.py", line 301, in send
    return self.get_connection(fail_silently).send_messages([self])
           ^^^^^^^^^^^^^^^^^^^^^^^^^^^^^^^^^^^^^^^^^^^^^^^^^^^^^^^^
  File "C:\Users\tabin\Downloads\tathanhbinhcuoicung\venv\Lib\site-packages\django\core\mail\backends\smtp.py", line 128, in send_messages
    new_conn_created = self.open()
                       ^^^^^^^^^^^
  File "C:\Users\tabin\Downloads\tathanhbinhcuoicung\venv\Lib\site-packages\django\core\mail\backends\smtp.py", line 95, in open
    self.connection.login(self.username, self.password)
  File "C:\Program Files\WindowsApps\PythonSoftwareFoundation.Python.3.12_3.12.2800.0_x64__qbz5n2kfra8p0\Lib\smtplib.py", line 750, in login
    raise last_exception
  File "C:\Program Files\WindowsApps\PythonSoftwareFoundation.Python.3.12_3.12.2800.0_x64__qbz5n2kfra8p0\Lib\smtplib.py", line 739, in login
    (code, resp) = self.auth(
                   ^^^^^^^^^^
  File "C:\Program Files\WindowsApps\PythonSoftwareFoundation.Python.3.12_3.12.2800.0_x64__qbz5n2kfra8p0\Lib\smtplib.py", line 662, in auth
    raise SMTPAuthenticationError(code, resp)
smtplib.SMTPAuthenticationError: (535, b'5.7.8 Username and Password not accepted. For more information, go to\n5.7.8  https://support.google.com/mail/?p=BadCredentials 98e67ed59e1d1-35a0f6d190csm2926304a91.14 - gsmtp')

During handling of the above exception, another exception occurred:

Traceback (most recent call last):
  File "C:\Users\tabin\Downloads\tathanhbinhcuoicung\venv\Lib\site-packages\rest_framework\settings.py", line 179, in import_from_string
    return import_string(val)
           ^^^^^^^^^^^^^^^^^^
  File "C:\Users\tabin\Downloads\tathanhbinhcuoicung\venv\Lib\site-packages\django\utils\module_loading.py", line 30, in import_string
    return cached_import(module_path, class_name)
           ^^^^^^^^^^^^^^^^^^^^^^^^^^^^^^^^^^^^^^
  File "C:\Users\tabin\Downloads\tathanhbinhcuoicung\venv\Lib\site-packages\django\utils\module_loading.py", line 15, in cached_import
    module = import_module(module_path)
             ^^^^^^^^^^^^^^^^^^^^^^^^^^
  File "C:\Program Files\WindowsApps\PythonSoftwareFoundation.Python.3.12_3.12.2800.0_x64__qbz5n2kfra8p0\Lib\importlib\__init__.py", line 90, in import_module
    return _bootstrap._gcd_import(name[level:], package, level)
           ^^^^^^^^^^^^^^^^^^^^^^^^^^^^^^^^^^^^^^^^^^^^^^^^^^^^
  File "<frozen importlib._bootstrap>", line 1387, in _gcd_import
  File "<frozen importlib._bootstrap>", line 1360, in _find_and_load
  File "<frozen importlib._bootstrap>", line 1324, in _find_and_load_unlocked
ModuleNotFoundError: No module named 'apps.authentication.utils'

During handling of the above exception, another exception occurred:

Traceback (most recent call last):
  File "C:\Users\tabin\Downloads\tathanhbinhcuoicung\venv\Lib\site-packages\django\core\handlers\exception.py", line 55, in inner
    response = get_response(request)
               ^^^^^^^^^^^^^^^^^^^^^
  File "C:\Users\tabin\Downloads\tathanhbinhcuoicung\venv\Lib\site-packages\django\core\handlers\base.py", line 197, in _get_response
    response = wrapped_callback(request, *callback_args, **callback_kwargs)
               ^^^^^^^^^^^^^^^^^^^^^^^^^^^^^^^^^^^^^^^^^^^^^^^^^^^^^^^^^^^^
  File "C:\Users\tabin\Downloads\tathanhbinhcuoicung\venv\Lib\site-packages\django\views\decorators\csrf.py", line 65, in _view_wrapper
    return view_func(request, *args, **kwargs)
           ^^^^^^^^^^^^^^^^^^^^^^^^^^^^^^^^^^^
  File "C:\Users\tabin\Downloads\tathanhbinhcuoicung\venv\Lib\site-packages\django\views\generic\base.py", line 104, in view
    return self.dispatch(request, *args, **kwargs)
           ^^^^^^^^^^^^^^^^^^^^^^^^^^^^^^^^^^^^^^^
  File "C:\Users\tabin\Downloads\tathanhbinhcuoicung\venv\Lib\site-packages\rest_framework\views.py", line 509, in dispatch
    response = self.handle_exception(exc)
               ^^^^^^^^^^^^^^^^^^^^^^^^^^
  File "C:\Users\tabin\Downloads\tathanhbinhcuoicung\venv\Lib\site-packages\rest_framework\views.py", line 463, in handle_exception
    exception_handler = self.get_exception_handler()
                        ^^^^^^^^^^^^^^^^^^^^^^^^^^^^
  File "C:\Users\tabin\Downloads\tathanhbinhcuoicung\venv\Lib\site-packages\rest_framework\views.py", line 298, in get_exception_handler
    return self.settings.EXCEPTION_HANDLER
           ^^^^^^^^^^^^^^^^^^^^^^^^^^^^^^^
  File "C:\Users\tabin\Downloads\tathanhbinhcuoicung\venv\Lib\site-packages\rest_framework\settings.py", line 227, in __getattr__
    val = perform_import(val, attr)
          ^^^^^^^^^^^^^^^^^^^^^^^^^
  File "C:\Users\tabin\Downloads\tathanhbinhcuoicung\venv\Lib\site-packages\rest_framework\settings.py", line 168, in perform_import
    return import_from_string(val, setting_name)
           ^^^^^^^^^^^^^^^^^^^^^^^^^^^^^^^^^^^^^
  File "C:\Users\tabin\Downloads\tathanhbinhcuoicung\venv\Lib\site-packages\rest_framework\settings.py", line 182, in import_from_string
    raise ImportError(msg)
ImportError: Could not import 'apps.authentication.utils.custom_exception_handler' for API setting 'EXCEPTION_HANDLER'. ModuleNotFoundError: No module named 'apps.authentication.utils'.
WARNING 2026-03-12 17:32:27,281 log Unauthorized: /api/v1/auth/login
ERROR 2026-03-12 17:32:37,823 log Internal Server Error: /api/v1/auth/forgot-password
Traceback (most recent call last):
  File "C:\Users\tabin\Downloads\tathanhbinhcuoicung\venv\Lib\site-packages\rest_framework\views.py", line 506, in dispatch
    response = handler(request, *args, **kwargs)
               ^^^^^^^^^^^^^^^^^^^^^^^^^^^^^^^^^
  File "C:\Users\tabin\Downloads\tathanhbinhcuoicung\homelystore-backend\apps\authentication\views.py", line 133, in post
    send_mail(
  File "C:\Users\tabin\Downloads\tathanhbinhcuoicung\venv\Lib\site-packages\django\core\mail\__init__.py", line 88, in send_mail
    return mail.send()
           ^^^^^^^^^^^
  File "C:\Users\tabin\Downloads\tathanhbinhcuoicung\venv\Lib\site-packages\django\core\mail\message.py", line 301, in send
    return self.get_connection(fail_silently).send_messages([self])
           ^^^^^^^^^^^^^^^^^^^^^^^^^^^^^^^^^^^^^^^^^^^^^^^^^^^^^^^^
  File "C:\Users\tabin\Downloads\tathanhbinhcuoicung\venv\Lib\site-packages\django\core\mail\backends\smtp.py", line 128, in send_messages
    new_conn_created = self.open()
                       ^^^^^^^^^^^
  File "C:\Users\tabin\Downloads\tathanhbinhcuoicung\venv\Lib\site-packages\django\core\mail\backends\smtp.py", line 95, in open
    self.connection.login(self.username, self.password)
  File "C:\Program Files\WindowsApps\PythonSoftwareFoundation.Python.3.12_3.12.2800.0_x64__qbz5n2kfra8p0\Lib\smtplib.py", line 750, in login
    raise last_exception
  File "C:\Program Files\WindowsApps\PythonSoftwareFoundation.Python.3.12_3.12.2800.0_x64__qbz5n2kfra8p0\Lib\smtplib.py", line 739, in login
    (code, resp) = self.auth(
                   ^^^^^^^^^^
  File "C:\Program Files\WindowsApps\PythonSoftwareFoundation.Python.3.12_3.12.2800.0_x64__qbz5n2kfra8p0\Lib\smtplib.py", line 662, in auth
    raise SMTPAuthenticationError(code, resp)
smtplib.SMTPAuthenticationError: (535, b'5.7.8 Username and Password not accepted. For more information, go to\n5.7.8  https://support.google.com/mail/?p=BadCredentials 98e67ed59e1d1-35a17be605asm2329103a91.17 - gsmtp')

During handling of the above exception, another exception occurred:

Traceback (most recent call last):
  File "C:\Users\tabin\Downloads\tathanhbinhcuoicung\venv\Lib\site-packages\rest_framework\settings.py", line 179, in import_from_string
    return import_string(val)
           ^^^^^^^^^^^^^^^^^^
  File "C:\Users\tabin\Downloads\tathanhbinhcuoicung\venv\Lib\site-packages\django\utils\module_loading.py", line 30, in import_string
    return cached_import(module_path, class_name)
           ^^^^^^^^^^^^^^^^^^^^^^^^^^^^^^^^^^^^^^
  File "C:\Users\tabin\Downloads\tathanhbinhcuoicung\venv\Lib\site-packages\django\utils\module_loading.py", line 15, in cached_import
    module = import_module(module_path)
             ^^^^^^^^^^^^^^^^^^^^^^^^^^
  File "C:\Program Files\WindowsApps\PythonSoftwareFoundation.Python.3.12_3.12.2800.0_x64__qbz5n2kfra8p0\Lib\importlib\__init__.py", line 90, in import_module
    return _bootstrap._gcd_import(name[level:], package, level)
           ^^^^^^^^^^^^^^^^^^^^^^^^^^^^^^^^^^^^^^^^^^^^^^^^^^^^
  File "<frozen importlib._bootstrap>", line 1387, in _gcd_import
  File "<frozen importlib._bootstrap>", line 1360, in _find_and_load
  File "<frozen importlib._bootstrap>", line 1324, in _find_and_load_unlocked
ModuleNotFoundError: No module named 'apps.authentication.utils'

During handling of the above exception, another exception occurred:

Traceback (most recent call last):
  File "C:\Users\tabin\Downloads\tathanhbinhcuoicung\venv\Lib\site-packages\django\core\handlers\exception.py", line 55, in inner
    response = get_response(request)
               ^^^^^^^^^^^^^^^^^^^^^
  File "C:\Users\tabin\Downloads\tathanhbinhcuoicung\venv\Lib\site-packages\django\core\handlers\base.py", line 197, in _get_response
    response = wrapped_callback(request, *callback_args, **callback_kwargs)
               ^^^^^^^^^^^^^^^^^^^^^^^^^^^^^^^^^^^^^^^^^^^^^^^^^^^^^^^^^^^^
  File "C:\Users\tabin\Downloads\tathanhbinhcuoicung\venv\Lib\site-packages\django\views\decorators\csrf.py", line 65, in _view_wrapper
    return view_func(request, *args, **kwargs)
           ^^^^^^^^^^^^^^^^^^^^^^^^^^^^^^^^^^^
  File "C:\Users\tabin\Downloads\tathanhbinhcuoicung\venv\Lib\site-packages\django\views\generic\base.py", line 104, in view
    return self.dispatch(request, *args, **kwargs)
           ^^^^^^^^^^^^^^^^^^^^^^^^^^^^^^^^^^^^^^^
  File "C:\Users\tabin\Downloads\tathanhbinhcuoicung\venv\Lib\site-packages\rest_framework\views.py", line 509, in dispatch
    response = self.handle_exception(exc)
               ^^^^^^^^^^^^^^^^^^^^^^^^^^
  File "C:\Users\tabin\Downloads\tathanhbinhcuoicung\venv\Lib\site-packages\rest_framework\views.py", line 463, in handle_exception
    exception_handler = self.get_exception_handler()
                        ^^^^^^^^^^^^^^^^^^^^^^^^^^^^
  File "C:\Users\tabin\Downloads\tathanhbinhcuoicung\venv\Lib\site-packages\rest_framework\views.py", line 298, in get_exception_handler
    return self.settings.EXCEPTION_HANDLER
           ^^^^^^^^^^^^^^^^^^^^^^^^^^^^^^^
  File "C:\Users\tabin\Downloads\tathanhbinhcuoicung\venv\Lib\site-packages\rest_framework\settings.py", line 227, in __getattr__
    val = perform_import(val, attr)
          ^^^^^^^^^^^^^^^^^^^^^^^^^
  File "C:\Users\tabin\Downloads\tathanhbinhcuoicung\venv\Lib\site-packages\rest_framework\settings.py", line 168, in perform_import
    return import_from_string(val, setting_name)
           ^^^^^^^^^^^^^^^^^^^^^^^^^^^^^^^^^^^^^
  File "C:\Users\tabin\Downloads\tathanhbinhcuoicung\venv\Lib\site-packages\rest_framework\settings.py", line 182, in import_from_string
    raise ImportError(msg)
ImportError: Could not import 'apps.authentication.utils.custom_exception_handler' for API setting 'EXCEPTION_HANDLER'. ModuleNotFoundError: No module named 'apps.authentication.utils'.
WARNING 2026-03-12 17:34:06,681 log Bad Request: /api/v1/auth/register
WARNING 2026-03-12 17:34:21,936 log Bad Request: /api/v1/auth/register
WARNING 2026-03-12 17:34:58,063 log Bad Request: /api/v1/auth/register
WARNING 2026-03-12 17:38:18,866 log Bad Request: /api/v1/auth/logout
WARNING 2026-03-12 17:38:22,034 log Unauthorized: /api/v1/auth/login
INFO 2026-03-12 17:47:55,625 autoreload C:\Users\tabin\Downloads\tathanhbinhcuoicung\homelystore-backend\config\settings\base.py changed, reloading.
INFO 2026-03-12 17:47:56,589 autoreload Watching for file changes with StatReloader
INFO 2026-03-12 17:48:17,831 autoreload C:\Users\tabin\Downloads\tathanhbinhcuoicung\homelystore-backend\config\settings\development.py changed, reloading.
INFO 2026-03-12 17:48:18,363 autoreload Watching for file changes with StatReloader
INFO 2026-03-12 17:48:35,315 autoreload C:\Users\tabin\Downloads\tathanhbinhcuoicung\homelystore-backend\config\settings\__init__.py changed, reloading.
INFO 2026-03-12 17:48:35,864 autoreload Watching for file changes with StatReloader
INFO 2026-03-12 17:49:03,219 autoreload C:\Users\tabin\Downloads\tathanhbinhcuoicung\homelystore-backend\apps\authentication\models.py changed, reloading.
INFO 2026-03-12 17:49:03,768 autoreload Watching for file changes with StatReloader
INFO 2026-03-12 17:49:44,327 autoreload C:\Users\tabin\Downloads\tathanhbinhcuoicung\homelystore-backend\apps\authentication\serializers.py changed, reloading.
INFO 2026-03-12 17:49:44,826 autoreload Watching for file changes with StatReloader
INFO 2026-03-12 17:49:54,551 autoreload C:\Users\tabin\Downloads\tathanhbinhcuoicung\homelystore-backend\apps\authentication\views.py changed, reloading.
INFO 2026-03-12 17:49:55,146 autoreload Watching for file changes with StatReloader
INFO 2026-03-12 17:50:07,049 autoreload C:\Users\tabin\Downloads\tathanhbinhcuoicung\homelystore-backend\apps\authentication\urls.py changed, reloading.
INFO 2026-03-12 17:50:07,522 autoreload Watching for file changes with StatReloader
INFO 2026-03-12 17:50:19,294 autoreload C:\Users\tabin\Downloads\tathanhbinhcuoicung\homelystore-backend\apps\products\serializers.py changed, reloading.
INFO 2026-03-12 17:50:19,800 autoreload Watching for file changes with StatReloader
INFO 2026-03-12 17:53:39,422 autoreload C:\Users\tabin\Downloads\tathanhbinhcuoicung\homelystore-backend\apps\products\views.py changed, reloading.
INFO 2026-03-12 17:53:40,026 autoreload Watching for file changes with StatReloader
INFO 2026-03-12 17:53:58,865 autoreload C:\Users\tabin\Downloads\tathanhbinhcuoicung\homelystore-backend\apps\products\views.py changed, reloading.
INFO 2026-03-12 17:53:59,390 autoreload Watching for file changes with StatReloader
INFO 2026-03-12 17:59:23,258 autoreload Watching for file changes with StatReloader
INFO 2026-03-12 18:00:29,147 autoreload Watching for file changes with StatReloader
WARNING 2026-03-12 18:00:36,930 log Not Found: /
WARNING 2026-03-12 18:00:37,073 log Not Found: /favicon.ico
INFO 2026-03-12 21:51:25,204 autoreload Watching for file changes with StatReloader
INFO 2026-03-12 21:53:06,742 autoreload C:\Users\tabin\Downloads\tathanhbinhcuoicung\homelystore-backend\apps\users\models.py changed, reloading.
INFO 2026-03-12 21:53:07,357 autoreload Watching for file changes with StatReloader
INFO 2026-03-12 21:53:10,588 autoreload C:\Users\tabin\Downloads\tathanhbinhcuoicung\homelystore-backend\apps\users\models.py changed, reloading.
INFO 2026-03-12 21:53:11,076 autoreload Watching for file changes with StatReloader
INFO 2026-03-12 21:54:05,811 autoreload Watching for file changes with StatReloader
INFO 2026-03-12 21:54:10,045 autoreload C:\Users\tabin\Downloads\tathanhbinhcuoicung\homelystore-backend\apps\users\models.py changed, reloading.
INFO 2026-03-12 21:54:10,554 autoreload Watching for file changes with StatReloader
INFO 2026-03-12 22:14:34,034 autoreload Watching for file changes with StatReloader
INFO 2026-03-12 22:16:02,484 autoreload Watching for file changes with StatReloader
INFO 2026-03-12 22:17:23,178 autoreload Watching for file changes with StatReloader
INFO 2026-03-12 22:18:58,724 autoreload C:\Users\tabin\Downloads\tathanhbinhcuoicung\homelystore-backend\config\settings\base.py changed, reloading.
INFO 2026-03-12 22:18:59,290 autoreload Watching for file changes with StatReloader
INFO 2026-03-12 22:19:01,757 autoreload C:\Users\tabin\Downloads\tathanhbinhcuoicung\homelystore-backend\config\settings\base.py changed, reloading.
INFO 2026-03-12 22:19:02,353 autoreload Watching for file changes with StatReloader
INFO 2026-03-12 22:20:24,812 autoreload Watching for file changes with StatReloader
INFO 2026-03-12 22:21:17,130 autoreload C:\Users\tabin\Downloads\tathanhbinhcuoicung\homelystore-backend\config\settings\base.py changed, reloading.
INFO 2026-03-12 22:21:17,808 autoreload Watching for file changes with StatReloader
WARNING 2026-03-12 22:51:38,633 log Not Found: /favicon.ico
INFO 2026-03-12 22:54:27,025 autoreload C:\Users\tabin\Downloads\tathanhbinhcuoicung\homelystore-backend\config\settings\base.py changed, reloading.
INFO 2026-03-12 22:54:28,040 autoreload Watching for file changes with StatReloader
INFO 2026-03-12 22:54:35,471 autoreload Watching for file changes with StatReloader
WARNING 2026-03-12 22:55:00,369 log Bad Request: /api/v1/auth/logout
INFO 2026-03-12 22:57:20,984 autoreload C:\Users\tabin\Downloads\tathanhbinhcuoicung\homelystore-backend\apps\authentication\views.py changed, reloading.
INFO 2026-03-12 22:57:21,567 autoreload Watching for file changes with StatReloader
INFO 2026-03-12 22:57:35,302 autoreload Watching for file changes with StatReloader
WARNING 2026-03-12 22:58:02,790 log Bad Request: /api/v1/auth/logout
INFO 2026-03-12 23:03:32,391 autoreload Watching for file changes with StatReloader
INFO 2026-03-12 23:20:27,345 autoreload Watching for file changes with StatReloader
INFO 2026-03-13 12:42:50,410 autoreload Watching for file changes with StatReloader
INFO 2026-03-13 12:50:22,846 autoreload Watching for file changes with StatReloader
INFO 2026-03-13 12:52:28,175 autoreload Watching for file changes with StatReloader
INFO 2026-03-13 12:54:51,690 autoreload C:\Users\tabin\Downloads\tathanhbinhcuoicung\homelystore-backend\apps\wallet\serializers.py changed, reloading.
INFO 2026-03-13 12:54:52,211 autoreload Watching for file changes with StatReloader
INFO 2026-03-13 12:55:02,683 autoreload Watching for file changes with StatReloader
INFO 2026-03-13 12:55:53,508 autoreload C:\Users\tabin\Downloads\tathanhbinhcuoicung\homelystore-backend\apps\wallet\serializers.py changed, reloading.
INFO 2026-03-13 12:55:54,071 autoreload Watching for file changes with StatReloader
WARNING 2026-03-13 12:55:54,220 fields min_value in DecimalField should be Decimal type.
INFO 2026-03-13 12:56:06,084 autoreload Watching for file changes with StatReloader
WARNING 2026-03-13 12:56:06,205 fields min_value in DecimalField should be Decimal type.
INFO 2026-03-13 12:56:33,773 autoreload C:\Users\tabin\Downloads\tathanhbinhcuoicung\homelystore-backend\apps\wallet\serializers.py changed, reloading.
INFO 2026-03-13 12:56:34,304 autoreload Watching for file changes with StatReloader
WARNING 2026-03-13 12:56:34,488 fields min_value in DecimalField should be Decimal type.
WARNING 2026-03-13 12:56:34,488 fields min_value in DecimalField should be Decimal type.
INFO 2026-03-13 12:56:57,369 autoreload C:\Users\tabin\Downloads\tathanhbinhcuoicung\homelystore-backend\apps\wallet\serializers.py changed, reloading.
INFO 2026-03-13 12:56:57,868 autoreload Watching for file changes with StatReloader
INFO 2026-03-13 12:57:02,217 autoreload C:\Users\tabin\Downloads\tathanhbinhcuoicung\homelystore-backend\apps\wallet\serializers.py changed, reloading.
INFO 2026-03-13 12:57:02,774 autoreload Watching for file changes with StatReloader
WARNING 2026-03-13 12:57:02,923 fields min_value in DecimalField should be Decimal type.
WARNING 2026-03-13 12:57:02,923 fields min_value in DecimalField should be Decimal type.
INFO 2026-03-13 12:58:36,738 autoreload Watching for file changes with StatReloader
WARNING 2026-03-13 12:58:36,929 fields min_value in DecimalField should be Decimal type.
WARNING 2026-03-13 12:58:36,929 fields min_value in DecimalField should be Decimal type.
